0 0 -1
1 2 2
2 1 0
3 2 6
4 2 2
5 2 6
6 1 0
7 2 2
8 1 0
9 2 11
10 2 2
11 1 0
12 2 2
13 1 0
14 1 0
15 2 8
16 1 0
17 2 8
18 2 2
19 1 0
20 2 6
21 2 6
22 1 0
23 1 0
24 1 0
25 1 0
26 2 6
27 1 0
28 1 0
29 2 2
30 1 0
31 1 0
32 2 2
33 2 2
34 1 0
35 2 11
36 1 0
37 2 8
38 2 2
39 2 8
40 1 0
41 1 0
42 1 0
43 1 0
44 2 6
45 2 8
46 1 0
47 1 0
48 2 14
49 1 0
50 2 6
51 2 6
52 2 6
53 2 6
54 1 0
55 1 0
56 1 0
57 2 2
58 2 6
59 2 8
60 2 6
61 2 2
62 2 2
63 1 0
64 2 6
65 1 0
66 1 0
67 1 0
68 2 8
69 2 2
70 1 0
71 1 0
72 1 0
73 2 6
74 2 6
75 1 0
76 2 8
77 1 0
78 2 2
79 2 8
80 2 8
81 1 0
82 1 0
83 2 6
84 1 0
85 2 2
86 2 6
87 2 6
88 2 6
89 2 8
90 1 0
91 1 0
92 2 6
93 1 0
94 2 6
95 1 0
96 2 2
97 1 0
98 2 6
99 2 2
